[0.096s] Invoking command in '/root/build/orb_slam3_map_generator': AMENT_PREFIX_PATH=/root/install/slam_msgs:${AMENT_PREFIX_PATH} CMAKE_PREFIX_PATH=/root/install/slam_msgs:/root/colcon_ws/install/orb_slam3_ros2_wrapper:/root/colcon_ws/install/orb_slam3_map_generator:/root/colcon_ws/install/slam_msgs:/root/colcon_ws/install/orb_slam3_planner:/root/colcon_ws/install/map_merger:/opt/ros/humble LD_LIBRARY_PATH=/root/install/slam_msgs/lib:${LD_LIBRARY_PATH} PYTHONPATH=/root/install/slam_msgs/local/lib/python3.10/dist-packages:${PYTHONPATH} /usr/bin/cmake /root/colcon_ws/src/orb_slam3_map_generator -DCMAKE_INSTALL_PREFIX=/root/install/orb_slam3_map_generator
[0.128s] -- The C compiler identification is GNU 11.4.0
[0.158s] -- The CXX compiler identification is GNU 11.4.0
[0.161s] -- Detecting C compiler ABI info
[0.198s] -- Detecting C compiler ABI info - done
[0.200s] -- Check for working C compiler: /usr/bin/cc - skipped
[0.200s] -- Detecting C compile features
[0.200s] -- Detecting C compile features - done
[0.202s] -- Detecting CXX compiler ABI info
[0.243s] -- Detecting CXX compiler ABI info - done
[0.246s] -- Check for working CXX compiler: /usr/bin/c++ - skipped
[0.246s] -- Detecting CXX compile features
[0.246s] -- Detecting CXX compile features - done
[0.247s] [0mBuild type: Release[0m
[0.248s] -- Found ament_cmake_auto: 1.3.11 (/opt/ros/humble/share/ament_cmake_auto/cmake)
[0.327s] -- Found Python3: /usr/bin/python3 (found version "3.10.12") found components: Interpreter 
[0.373s] -- Found rclcpp: 16.0.12 (/opt/ros/humble/share/rclcpp/cmake)
[0.393s] -- Found rosidl_generator_c: 3.1.6 (/opt/ros/humble/share/rosidl_generator_c/cmake)
[0.396s] -- Found rosidl_adapter: 3.1.6 (/opt/ros/humble/share/rosidl_adapter/cmake)
[0.400s] -- Found rosidl_generator_cpp: 3.1.6 (/opt/ros/humble/share/rosidl_generator_cpp/cmake)
[0.405s] -- Using all available rosidl_typesupport_c: rosidl_typesupport_fastrtps_c;rosidl_typesupport_introspection_c
[0.413s] -- Using all available rosidl_typesupport_cpp: rosidl_typesupport_fastrtps_cpp;rosidl_typesupport_introspection_cpp
[0.434s] -- Found rmw_implementation_cmake: 6.1.2 (/opt/ros/humble/share/rmw_implementation_cmake/cmake)
[0.435s] -- Found rmw_cyclonedds_cpp: 1.3.4 (/opt/ros/humble/share/rmw_cyclonedds_cpp/cmake)
[0.445s] -- Using RMW implementation 'rmw_cyclonedds_cpp' as default
[0.449s] -- Looking for pthread.h
[0.490s] -- Looking for pthread.h - found
[0.490s] -- Performing Test CMAKE_HAVE_LIBC_PTHREAD
[0.530s] -- Performing Test CMAKE_HAVE_LIBC_PTHREAD - Success
[0.530s] -- Found Threads: TRUE  
[0.554s] -- Found sensor_msgs: 4.9.0 (/opt/ros/humble/share/sensor_msgs/cmake)
[0.567s] -- Found cv_bridge: 3.2.1 (/opt/ros/humble/share/cv_bridge/cmake)
[0.570s] -- Found message_filters: 4.3.7 (/opt/ros/humble/share/message_filters/cmake)
[0.579s] -- Found tf2_ros: 0.25.13 (/opt/ros/humble/share/tf2_ros/cmake)
[0.622s] -- Found tf2_eigen: 0.25.13 (/opt/ros/humble/share/tf2_eigen/cmake)
[0.623s] -- Found tf2_geometry_msgs: 0.25.13 (/opt/ros/humble/share/tf2_geometry_msgs/cmake)
[0.628s] -- Found eigen3_cmake_module: 0.1.1 (/opt/ros/humble/share/eigen3_cmake_module/cmake)
[0.628s] -- Found Eigen3: TRUE (found version "3.4.0") 
[0.628s] -- Ensuring Eigen3 include directory is part of orocos-kdl CMake target
[0.629s] -- Found slam_msgs: 1.0.0 (/root/install/slam_msgs/share/slam_msgs/cmake)
[0.637s] -- Found nav_msgs: 4.9.0 (/opt/ros/humble/share/nav_msgs/cmake)
[0.644s] -- Found std_srvs: 4.9.0 (/opt/ros/humble/share/std_srvs/cmake)
[0.649s] -- Found image_transport: 3.1.12 (/opt/ros/humble/share/image_transport/cmake)
[0.660s] -- Found tf2_sensor_msgs: 0.25.13 (/opt/ros/humble/share/tf2_sensor_msgs/cmake)
[0.662s] -- Found pcl_ros: 2.4.5 (/opt/ros/humble/share/pcl_ros/cmake)
[0.681s] -- Checking for module 'eigen3'
[0.690s] --   Found eigen3, version 3.4.0
[0.712s] -- Found Eigen: /usr/include/eigen3 (Required is at least version "3.1") 
[0.712s] -- Eigen found (include: /usr/include/eigen3, version: 3.4.0)
[0.735s] -- Checking for module 'flann'
[0.746s] --   Found flann, version 1.9.1
[0.769s] -- Found FLANN: /usr/lib/x86_64-linux-gnu/libflann_cpp.so  
[0.769s] -- FLANN found (include: /usr/include, lib: /usr/lib/x86_64-linux-gnu/libflann_cpp.so)
[1.249s] -- Checking for module 'libusb-1.0'
[1.257s] --   Found libusb-1.0, version 1.0.25
[1.277s] -- Found libusb: /usr/lib/x86_64-linux-gnu/libusb-1.0.so  
[1.278s] -- OpenNI found (version: 1.5.4.0, include: /usr/include/ni, lib: /usr/lib/libOpenNI.so;libusb::libusb)
[1.310s] -- OpenNI2 found (version: 2.2.0.33, include: /usr/include/openni2, lib: /usr/lib/x86_64-linux-gnu/libOpenNI2.so;libusb::libusb)
[1.380s] -- Eigen found (include: /usr/include/eigen3, version: 3.4.0)
[1.383s] -- OpenNI found (version: 1.5.4.0, include: /usr/include/ni, lib: /usr/lib/libOpenNI.so;libusb::libusb)
[1.387s] -- OpenNI2 found (version: 2.2.0.33, include: /usr/include/openni2, lib: /usr/lib/x86_64-linux-gnu/libOpenNI2.so;libusb::libusb)
[1.450s] -- Found Qhull version 8.0.2
[1.519s] -- OpenNI found (version: 1.5.4.0, include: /usr/include/ni, lib: /usr/lib/libOpenNI.so;libusb::libusb)
[1.582s] -- Found PCL_COMMON: /usr/lib/x86_64-linux-gnu/libpcl_common.so  
[1.582s] -- Found PCL_KDTREE: /usr/lib/x86_64-linux-gnu/libpcl_kdtree.so  
[1.582s] -- Found PCL_OCTREE: /usr/lib/x86_64-linux-gnu/libpcl_octree.so  
[1.583s] -- Found PCL_SEARCH: /usr/lib/x86_64-linux-gnu/libpcl_search.so  
[1.583s] -- Found PCL_SAMPLE_CONSENSUS: /usr/lib/x86_64-linux-gnu/libpcl_sample_consensus.so  
[1.584s] -- Found PCL_FILTERS: /usr/lib/x86_64-linux-gnu/libpcl_filters.so  
[1.584s] -- Found PCL_2D: /usr/include/pcl-1.12  
[1.584s] -- Found PCL_GEOMETRY: /usr/include/pcl-1.12  
[1.585s] -- Found PCL_IO: /usr/lib/x86_64-linux-gnu/libpcl_io.so  
[1.585s] -- Found PCL_FEATURES: /usr/lib/x86_64-linux-gnu/libpcl_features.so  
[1.585s] -- Found PCL_ML: /usr/lib/x86_64-linux-gnu/libpcl_ml.so  
[1.585s] -- Found PCL_SEGMENTATION: /usr/lib/x86_64-linux-gnu/libpcl_segmentation.so  
[1.586s] -- Found PCL_VISUALIZATION: /usr/lib/x86_64-linux-gnu/libpcl_visualization.so  
[1.586s] -- Found PCL_SURFACE: /usr/lib/x86_64-linux-gnu/libpcl_surface.so  
[1.586s] -- Found PCL_REGISTRATION: /usr/lib/x86_64-linux-gnu/libpcl_registration.so  
[1.587s] -- Found PCL_KEYPOINTS: /usr/lib/x86_64-linux-gnu/libpcl_keypoints.so  
[1.587s] -- Found PCL_TRACKING: /usr/lib/x86_64-linux-gnu/libpcl_tracking.so  
[1.587s] -- Found PCL_RECOGNITION: /usr/lib/x86_64-linux-gnu/libpcl_recognition.so  
[1.588s] -- Found PCL_STEREO: /usr/lib/x86_64-linux-gnu/libpcl_stereo.so  
[1.588s] -- Found PCL_APPS: /usr/lib/x86_64-linux-gnu/libpcl_apps.so  
[1.588s] -- Found PCL_IN_HAND_SCANNER: /usr/include/pcl-1.12  
[1.589s] -- Found PCL_MODELER: /usr/include/pcl-1.12  
[1.589s] -- Found PCL_POINT_CLOUD_EDITOR: /usr/include/pcl-1.12  
[1.589s] -- Found PCL_OUTOFCORE: /usr/lib/x86_64-linux-gnu/libpcl_outofcore.so  
[1.589s] -- Found PCL_PEOPLE: /usr/lib/x86_64-linux-gnu/libpcl_people.so  
[1.594s] [33mCMake Warning (dev) at CMakeLists.txt:40 (find_package):
[1.594s]   Policy CMP0074 is not set: find_package uses <PackageName>_ROOT variables.
[1.594s]   Run "cmake --help-policy CMP0074" for policy details.  Use the cmake_policy
[1.594s]   command to set the policy and suppress this warning.
[1.594s] 
[1.594s]   CMake variable PCL_ROOT is set to:
[1.594s] 
[1.594s]     /usr
[1.594s] 
[1.594s]   For compatibility, CMake is ignoring the variable.
[1.594s] This warning is for project developers.  Use -Wno-dev to suppress it.
[1.594s] [0m
[1.648s] -- Configuring done
[1.693s] -- Generating done
[1.704s] -- Build files have been written to: /root/build/orb_slam3_map_generator
[1.716s] Invoked command in '/root/build/orb_slam3_map_generator' returned '0': AMENT_PREFIX_PATH=/root/install/slam_msgs:${AMENT_PREFIX_PATH} CMAKE_PREFIX_PATH=/root/install/slam_msgs:/root/colcon_ws/install/orb_slam3_ros2_wrapper:/root/colcon_ws/install/orb_slam3_map_generator:/root/colcon_ws/install/slam_msgs:/root/colcon_ws/install/orb_slam3_planner:/root/colcon_ws/install/map_merger:/opt/ros/humble LD_LIBRARY_PATH=/root/install/slam_msgs/lib:${LD_LIBRARY_PATH} PYTHONPATH=/root/install/slam_msgs/local/lib/python3.10/dist-packages:${PYTHONPATH} /usr/bin/cmake /root/colcon_ws/src/orb_slam3_map_generator -DCMAKE_INSTALL_PREFIX=/root/install/orb_slam3_map_generator
[1.717s] Invoking command in '/root/build/orb_slam3_map_generator': AMENT_PREFIX_PATH=/root/install/slam_msgs:${AMENT_PREFIX_PATH} CMAKE_PREFIX_PATH=/root/install/slam_msgs:/root/colcon_ws/install/orb_slam3_ros2_wrapper:/root/colcon_ws/install/orb_slam3_map_generator:/root/colcon_ws/install/slam_msgs:/root/colcon_ws/install/orb_slam3_planner:/root/colcon_ws/install/map_merger:/opt/ros/humble LD_LIBRARY_PATH=/root/install/slam_msgs/lib:${LD_LIBRARY_PATH} PYTHONPATH=/root/install/slam_msgs/local/lib/python3.10/dist-packages:${PYTHONPATH} /usr/bin/cmake --build /root/build/orb_slam3_map_generator -- -j24 -l24
[1.753s] [ 50%] [32mBuilding CXX object CMakeFiles/get_landmarks_simulator.dir/src/get_landmarks_simulator.cpp.o[0m
[1.753s] [ 50%] [32mBuilding CXX object CMakeFiles/depth_image_to_pcl.dir/src/depth_image_to_pcl.cpp.o[0m
[1.753s] [ 50%] [32mBuilding CXX object CMakeFiles/pointcloud_stitcher.dir/src/stitch_pcl.cpp.o[0m
[3.709s] [01m[K/root/colcon_ws/src/orb_slam3_map_generator/src/get_landmarks_simulator.cpp:[m[K In member function ‘[01m[Kvoid MapPointsNode::handleGetLandmarksInView(std::shared_ptr<slam_msgs::srv::GetLandmarksInView_Request_<std::allocator<void> > >, std::shared_ptr<slam_msgs::srv::GetLandmarksInView_Response_<std::allocator<void> > >)[m[K’:
[3.709s] [01m[K/root/colcon_ws/src/orb_slam3_map_generator/src/get_landmarks_simulator.cpp:157:20:[m[K [01;35m[Kwarning: [m[Kunused variable ‘[01m[Kdz[m[K’ [[01;35m[K-Wunused-variable[m[K]
[3.709s]   157 |             double [01;35m[Kdz[m[K = map_point.position.z - pose_z;
[3.709s]       |                    [01;35m[K^~[m[K
[4.932s] [01m[K/root/colcon_ws/src/orb_slam3_map_generator/src/stitch_pcl.cpp:[m[K In constructor ‘[01m[KDepthPointcloudStitcher::DepthPointcloudStitcher()[m[K’:
[4.932s] [01m[K/root/colcon_ws/src/orb_slam3_map_generator/src/stitch_pcl.cpp:346:12:[m[K [01;35m[Kwarning: [m[K‘[01m[KDepthPointcloudStitcher::buffer_duration_[m[K’ will be initialized after [[01;35m[K-Wreorder[m[K]
[4.932s]   346 |     double [01;35m[Kbuffer_duration_[m[K;
[4.932s]       |            [01;35m[K^~~~~~~~~~~~~~~~[m[K
[4.932s] [01m[K/root/colcon_ws/src/orb_slam3_map_generator/src/stitch_pcl.cpp:340:21:[m[K [01;35m[Kwarning: [m[K  ‘[01m[Ktf2_ros::Buffer DepthPointcloudStitcher::tf_buffer_[m[K’ [[01;35m[K-Wreorder[m[K]
[4.932s]   340 |     tf2_ros::Buffer [01;35m[Ktf_buffer_[m[K;
[4.932s]       |                     [01;35m[K^~~~~~~~~~[m[K
[4.932s] [01m[K/root/colcon_ws/src/orb_slam3_map_generator/src/stitch_pcl.cpp:28:5:[m[K [01;35m[Kwarning: [m[K  when initialized here [[01;35m[K-Wreorder[m[K]
[4.932s]    28 |     [01;35m[KDepthPointcloudStitcher[m[K()
[4.932s]       |     [01;35m[K^~~~~~~~~~~~~~~~~~~~~~~[m[K
[9.251s] [ 66%] [32m[1mLinking CXX executable get_landmarks_simulator[0m
[9.488s] [ 66%] Built target get_landmarks_simulator
[13.087s] [ 83%] [32m[1mLinking CXX executable depth_image_to_pcl[0m
[13.304s] /usr/bin/ld: warning: libopencv_imgcodecs.so.4.5d, needed by /opt/ros/humble/lib/libcv_bridge.so, may conflict with libopencv_imgcodecs.so.4.4
[13.305s] /usr/bin/ld: warning: libopencv_core.so.4.5d, needed by /opt/ros/humble/lib/libcv_bridge.so, may conflict with libopencv_core.so.4.4
[13.505s] [ 83%] Built target depth_image_to_pcl
[13.515s] [100%] [32m[1mLinking CXX executable pointcloud_stitcher[0m
[13.924s] [100%] Built target pointcloud_stitcher
[13.932s] Invoked command in '/root/build/orb_slam3_map_generator' returned '0': AMENT_PREFIX_PATH=/root/install/slam_msgs:${AMENT_PREFIX_PATH} CMAKE_PREFIX_PATH=/root/install/slam_msgs:/root/colcon_ws/install/orb_slam3_ros2_wrapper:/root/colcon_ws/install/orb_slam3_map_generator:/root/colcon_ws/install/slam_msgs:/root/colcon_ws/install/orb_slam3_planner:/root/colcon_ws/install/map_merger:/opt/ros/humble LD_LIBRARY_PATH=/root/install/slam_msgs/lib:${LD_LIBRARY_PATH} PYTHONPATH=/root/install/slam_msgs/local/lib/python3.10/dist-packages:${PYTHONPATH} /usr/bin/cmake --build /root/build/orb_slam3_map_generator -- -j24 -l24
[13.932s] Invoking command in '/root/build/orb_slam3_map_generator': AMENT_PREFIX_PATH=/root/install/slam_msgs:${AMENT_PREFIX_PATH} CMAKE_PREFIX_PATH=/root/install/slam_msgs:/root/colcon_ws/install/orb_slam3_ros2_wrapper:/root/colcon_ws/install/orb_slam3_map_generator:/root/colcon_ws/install/slam_msgs:/root/colcon_ws/install/orb_slam3_planner:/root/colcon_ws/install/map_merger:/opt/ros/humble LD_LIBRARY_PATH=/root/install/slam_msgs/lib:${LD_LIBRARY_PATH} PYTHONPATH=/root/install/slam_msgs/local/lib/python3.10/dist-packages:${PYTHONPATH} /usr/bin/cmake --install /root/build/orb_slam3_map_generator
[13.937s] -- Install configuration: "Release"
[13.938s] -- Installing: /root/install/orb_slam3_map_generator/lib/orb_slam3_map_generator/pointcloud_stitcher
[13.938s] -- Set runtime path of "/root/install/orb_slam3_map_generator/lib/orb_slam3_map_generator/pointcloud_stitcher" to ""
[13.938s] -- Installing: /root/install/orb_slam3_map_generator/lib/orb_slam3_map_generator/depth_image_to_pcl
[13.939s] -- Set runtime path of "/root/install/orb_slam3_map_generator/lib/orb_slam3_map_generator/depth_image_to_pcl" to ""
[13.939s] -- Installing: /root/install/orb_slam3_map_generator/lib/orb_slam3_map_generator/get_landmarks_simulator
[13.939s] -- Set runtime path of "/root/install/orb_slam3_map_generator/lib/orb_slam3_map_generator/get_landmarks_simulator" to ""
[13.939s] -- Installing: /root/install/orb_slam3_map_generator/share/orb_slam3_map_generator/launch
[13.939s] -- Installing: /root/install/orb_slam3_map_generator/share/orb_slam3_map_generator/launch/map_generator.launch.py
[13.939s] -- Installing: /root/install/orb_slam3_map_generator/share/orb_slam3_map_generator/param
[13.939s] -- Installing: /root/install/orb_slam3_map_generator/share/orb_slam3_map_generator/param/map_generator_params.yaml
[13.939s] -- Installing: /root/install/orb_slam3_map_generator/share/ament_index/resource_index/package_run_dependencies/orb_slam3_map_generator
[13.939s] -- Installing: /root/install/orb_slam3_map_generator/share/ament_index/resource_index/parent_prefix_path/orb_slam3_map_generator
[13.939s] -- Installing: /root/install/orb_slam3_map_generator/share/orb_slam3_map_generator/environment/ament_prefix_path.sh
[13.939s] -- Installing: /root/install/orb_slam3_map_generator/share/orb_slam3_map_generator/environment/ament_prefix_path.dsv
[13.939s] -- Installing: /root/install/orb_slam3_map_generator/share/orb_slam3_map_generator/environment/path.sh
[13.940s] -- Installing: /root/install/orb_slam3_map_generator/share/orb_slam3_map_generator/environment/path.dsv
[13.940s] -- Installing: /root/install/orb_slam3_map_generator/share/orb_slam3_map_generator/local_setup.bash
[13.940s] -- Installing: /root/install/orb_slam3_map_generator/share/orb_slam3_map_generator/local_setup.sh
[13.940s] -- Installing: /root/install/orb_slam3_map_generator/share/orb_slam3_map_generator/local_setup.zsh
[13.940s] -- Installing: /root/install/orb_slam3_map_generator/share/orb_slam3_map_generator/local_setup.dsv
[13.940s] -- Installing: /root/install/orb_slam3_map_generator/share/orb_slam3_map_generator/package.dsv
[13.940s] -- Installing: /root/install/orb_slam3_map_generator/share/ament_index/resource_index/packages/orb_slam3_map_generator
[13.940s] -- Installing: /root/install/orb_slam3_map_generator/share/orb_slam3_map_generator/cmake/orb_slam3_map_generatorConfig.cmake
[13.940s] -- Installing: /root/install/orb_slam3_map_generator/share/orb_slam3_map_generator/cmake/orb_slam3_map_generatorConfig-version.cmake
[13.940s] -- Installing: /root/install/orb_slam3_map_generator/share/orb_slam3_map_generator/package.xml
[13.941s] Invoked command in '/root/build/orb_slam3_map_generator' returned '0': AMENT_PREFIX_PATH=/root/install/slam_msgs:${AMENT_PREFIX_PATH} CMAKE_PREFIX_PATH=/root/install/slam_msgs:/root/colcon_ws/install/orb_slam3_ros2_wrapper:/root/colcon_ws/install/orb_slam3_map_generator:/root/colcon_ws/install/slam_msgs:/root/colcon_ws/install/orb_slam3_planner:/root/colcon_ws/install/map_merger:/opt/ros/humble LD_LIBRARY_PATH=/root/install/slam_msgs/lib:${LD_LIBRARY_PATH} PYTHONPATH=/root/install/slam_msgs/local/lib/python3.10/dist-packages:${PYTHONPATH} /usr/bin/cmake --install /root/build/orb_slam3_map_generator
