/root/install/orb_slam3_planner/lib/python3.10/site-packages/orb_slam3_planner/__init__.py
/root/install/orb_slam3_planner/lib/python3.10/site-packages/orb_slam3_planner/landmark_publisher_node.py
/root/install/orb_slam3_planner/lib/python3.10/site-packages/orb_slam3_planner/map_builder_module.py
/root/install/orb_slam3_planner/lib/python3.10/site-packages/orb_slam3_planner/autonomous_explorer_visualizer.py
/root/install/orb_slam3_planner/lib/python3.10/site-packages/orb_slam3_planner/main_node.py
/root/install/orb_slam3_planner/lib/python3.10/site-packages/orb_slam3_planner/planner_module.py
/root/install/orb_slam3_planner/lib/python3.10/site-packages/orb_slam3_planner/drone_controller_module.py
/root/install/orb_slam3_planner/lib/python3.10/site-packages/orb_slam3_planner/__pycache__/__init__.cpython-310.pyc
/root/install/orb_slam3_planner/lib/python3.10/site-packages/orb_slam3_planner/__pycache__/landmark_publisher_node.cpython-310.pyc
/root/install/orb_slam3_planner/lib/python3.10/site-packages/orb_slam3_planner/__pycache__/map_builder_module.cpython-310.pyc
/root/install/orb_slam3_planner/lib/python3.10/site-packages/orb_slam3_planner/__pycache__/autonomous_explorer_visualizer.cpython-310.pyc
/root/install/orb_slam3_planner/lib/python3.10/site-packages/orb_slam3_planner/__pycache__/main_node.cpython-310.pyc
/root/install/orb_slam3_planner/lib/python3.10/site-packages/orb_slam3_planner/__pycache__/planner_module.cpython-310.pyc
/root/install/orb_slam3_planner/lib/python3.10/site-packages/orb_slam3_planner/__pycache__/drone_controller_module.cpython-310.pyc
/root/install/orb_slam3_planner/share/orb_slam3_planner/package.xml
/root/install/orb_slam3_planner/share/orb_slam3_planner/launch/orb_slam3_system.launch.py
/root/install/orb_slam3_planner/lib/python3.10/site-packages/orb_slam3_planner-0.0.1-py3.10.egg-info/requires.txt
/root/install/orb_slam3_planner/lib/python3.10/site-packages/orb_slam3_planner-0.0.1-py3.10.egg-info/dependency_links.txt
/root/install/orb_slam3_planner/lib/python3.10/site-packages/orb_slam3_planner-0.0.1-py3.10.egg-info/entry_points.txt
/root/install/orb_slam3_planner/lib/python3.10/site-packages/orb_slam3_planner-0.0.1-py3.10.egg-info/zip-safe
/root/install/orb_slam3_planner/lib/python3.10/site-packages/orb_slam3_planner-0.0.1-py3.10.egg-info/PKG-INFO
/root/install/orb_slam3_planner/lib/python3.10/site-packages/orb_slam3_planner-0.0.1-py3.10.egg-info/top_level.txt
/root/install/orb_slam3_planner/lib/python3.10/site-packages/orb_slam3_planner-0.0.1-py3.10.egg-info/SOURCES.txt
/root/install/orb_slam3_planner/lib/orb_slam3_planner/autonomous_explorer_node
/root/install/orb_slam3_planner/lib/orb_slam3_planner/autonomous_explorer_visualizer
/root/install/orb_slam3_planner/lib/orb_slam3_planner/landmark_publisher_node
